Watching for file changes with StatReloader
Watching for file changes with StatReloader
Watching for file changes with StatReloader
GET Home
Selected State: ALL
bubblechart state: ALL
simplechart state: ALL
stackbarchart state: ALL
create top10 state: ALL
timeline_chart state: ALL
stackbarchart state: ALL
donutchart state: ALL
GET Home
Selected State: 2
create top10 state: 2
bubblechart state: 2
simplechart state: 2
stackbarchart state: 2
timeline_chart state: 2
stackbarchart state: 2
donutchart state: 2
Watching for file changes with StatReloader
Watching for file changes with StatReloader
GET Home
Selected State: ALL
simplechart state: ALL
bubblechart state: ALL
stackbarchart state: ALL
create top10 state: ALL
timeline_chart state: ALL
stackbarchart state: ALL
donutchart state: ALL
GET Home
Selected State: 1
bubblechart state: 1
timeline_chart state: 1
simplechart state: 1
stackbarchart state: 1
create top10 state: 1
stackbarchart state: 1
donutchart state: 1
GET Home
Selected State: 5
bubblechart state: 5
timeline_chart state: 5
simplechart state: 5
create top10 state: 5
stackbarchart state: 5
stackbarchart state: 5
donutchart state: 5
GET Home
Selected State: ALL
simplechart state: ALL
stackbarchart state: ALL
bubblechart state: ALL
create top10 state: ALL
timeline_chart state: ALL
stackbarchart state: ALL
donutchart state: ALL
GET Home
Selected State: ALL
create top10 state: ALL
timeline_chart state: ALL
stackbarchart state: ALL
bubblechart state: ALL
simplechart state: ALL
stackbarchart state: ALL
donutchart state: ALL
GET Home
Selected State: ALL
simplechart state: ALL
create top10 state: ALL
timeline_chart state: ALL
stackbarchart state: ALL
bubblechart state: ALL
stackbarchart state: ALL
donutchart state: ALL
Not Found: /favicon.ico
GET Home
Selected State: 4
simplechart state: 4
timeline_chart state: 4
create top10 state: 4
stackbarchart state: 4
bubblechart state: 4
stackbarchart state: 4
donutchart state: 4
GET Home
Selected State: 4
simplechart state: 4
create top10 state: 4
bubblechart state: 4
stackbarchart state: 4
timeline_chart state: 4
stackbarchart state: 4
donutchart state: 4
Not Found: /favicon.ico
GET Home
Selected State: 2
simplechart state: 2
timeline_chart state: 2
bubblechart state: 2
create top10 state: 2
stackbarchart state: 2
stackbarchart state: 2
donutchart state: 2
GET Home
Selected State: 8
simplechart state: 8
create top10 state: 8
stackbarchart state: 8
timeline_chart state: 8
bubblechart state: 8
stackbarchart state: 8
donutchart state: 8
GET Home
Selected State: 8
bubblechart state: 8
stackbarchart state: 8
timeline_chart state: 8
create top10 state: 8
simplechart state: 8
stackbarchart state: 8
donutchart state: 8
Not Found: /favicon.ico
GET Home
Selected State: 8
simplechart state: 8
bubblechart state: 8
timeline_chart state: 8
stackbarchart state: 8
create top10 state: 8
stackbarchart state: 8
donutchart state: 8
Not Found: /favicon.ico
GET Home
Selected State: 2
simplechart state: 2
create top10 state: 2
stackbarchart state: 2
timeline_chart state: 2
bubblechart state: 2
stackbarchart state: 2
donutchart state: 2
GET Home
Selected State: 2
timeline_chart state: 2
stackbarchart state: 2
bubblechart state: 2
simplechart state: 2
create top10 state: 2
stackbarchart state: 2
donutchart state: 2
Not Found: /favicon.ico
GET Home
Selected State: 2
create top10 state: 2
stackbarchart state: 2
bubblechart state: 2
timeline_chart state: 2
simplechart state: 2
stackbarchart state: 2
donutchart state: 2
GET Home
Selected State: 9
stackbarchart state: 9
simplechart state: 9
bubblechart state: 9
create top10 state: 9
timeline_chart state: 9
stackbarchart state: 9
donutchart state: 9
GET Home
Selected State: 14
simplechart state: 14
create top10 state: 14
bubblechart state: 14
stackbarchart state: 14
timeline_chart state: 14
stackbarchart state: 14
donutchart state: 14
GET Home
Selected State: ALL
simplechart state: ALL
bubblechart state: ALL
stackbarchart state: ALL
timeline_chart state: ALL
create top10 state: ALL
stackbarchart state: ALL
donutchart state: ALL
GET Home
Selected State: 4
bubblechart state: 4
timeline_chart state: 4
create top10 state: 4
simplechart state: 4
stackbarchart state: 4
stackbarchart state: 4
donutchart state: 4
stackbarchart state: 4
GET Home
Selected State: 1
bubblechart state: 1
simplechart state: 1
timeline_chart state: 1
create top10 state: 1
stackbarchart state: 1
stackbarchart state: 1
donutchart state: 1
GET Home
Selected State: 2
bubblechart state: 2
stackbarchart state: 2
create top10 state: 2
timeline_chart state: 2
simplechart state: 2
stackbarchart state: 2
donutchart state: 2
GET Home
Selected State: ALL
stackbarchart state: ALL
timeline_chart state: ALL
create top10 state: ALL
bubblechart state: ALL
simplechart state: ALL
stackbarchart state: ALL
donutchart state: ALL
GET Home
Selected State: ALL
simplechart state: ALL
bubblechart state: ALL
stackbarchart state: ALL
create top10 state: ALL
timeline_chart state: ALL
stackbarchart state: ALL
donutchart state: ALL
Not Found: /favicon.ico
GET Home
Selected State: 3
bubblechart state: 3
stackbarchart state: 3
timeline_chart state: 3
create top10 state: 3
simplechart state: 3
stackbarchart state: 3
donutchart state: 3
GET Home
Selected State: 3
create top10 state: 3
simplechart state: 3
timeline_chart state: 3
bubblechart state: 3
stackbarchart state: 3
stackbarchart state: 3
donutchart state: 3
Not Found: /favicon.ico
GET Home
Selected State: ALL
stackbarchart state: ALL
bubblechart state: ALL
create top10 state: ALL
simplechart state: ALL
timeline_chart state: ALL
stackbarchart state: ALL
donutchart state: ALL
GET Home
Selected State: ALL
create top10 state: ALL
timeline_chart state: ALL
stackbarchart state: ALL
simplechart state: ALL
bubblechart state: ALL
stackbarchart state: ALL
donutchart state: ALL
Not Found: /favicon.ico
GET Home
Selected State: 6
simplechart state: 6
timeline_chart state: 6
bubblechart state: 6
create top10 state: 6
stackbarchart state: 6
stackbarchart state: 6
donutchart state: 6
GET Home
Selected State: 6
bubblechart state: 6
create top10 state: 6
timeline_chart state: 6
simplechart state: 6
stackbarchart state: 6
stackbarchart state: 6
donutchart state: 6
Not Found: /favicon.ico
GET Home
Selected State: 6
stackbarchart state: 6
timeline_chart state: 6
bubblechart state: 6
simplechart state: 6
create top10 state: 6
stackbarchart state: 6
donutchart state: 6
Not Found: /favicon.ico
GET Home
Selected State: 6
stackbarchart state: 6
simplechart state: 6
bubblechart state: 6
create top10 state: 6
timeline_chart state: 6
stackbarchart state: 6
Not Found: /favicon.ico
donutchart state: 6
GET Home
Selected State: 6
simplechart state: 6
stackbarchart state: 6
create top10 state: 6
timeline_chart state: 6
bubblechart state: 6
stackbarchart state: 6
donutchart state: 6
Not Found: /favicon.ico
GET Home
Selected State: 6
bubblechart state: 6
create top10 state: 6
stackbarchart state: 6
timeline_chart state: 6
simplechart state: 6
stackbarchart state: 6
donutchart state: 6
Not Found: /favicon.ico
GET Home
Selected State: 6
simplechart state: 6
bubblechart state: 6
timeline_chart state: 6
stackbarchart state: 6
create top10 state: 6
stackbarchart state: 6
Not Found: /favicon.ico
donutchart state: 6
GET Home
Selected State: 6
timeline_chart state: 6
create top10 state: 6
simplechart state: 6
bubblechart state: 6
stackbarchart state: 6
stackbarchart state: 6
Not Found: /favicon.ico
donutchart state: 6
GET Home
Selected State: 6
bubblechart state: 6
timeline_chart state: 6
simplechart state: 6
create top10 state: 6
stackbarchart state: 6
stackbarchart state: 6
Not Found: /favicon.ico
donutchart state: 6
GET Home
Selected State: 6
create top10 state: 6
bubblechart state: 6
simplechart state: 6
stackbarchart state: 6
timeline_chart state: 6
stackbarchart state: 6
donutchart state: 6
Not Found: /favicon.ico
GET Home
Selected State: 6
timeline_chart state: 6
bubblechart state: 6
stackbarchart state: 6
create top10 state: 6
simplechart state: 6
stackbarchart state: 6
donutchart state: 6
Not Found: /favicon.ico
GET Home
Selected State: 6
create top10 state: 6
bubblechart state: 6
timeline_chart state: 6
stackbarchart state: 6
simplechart state: 6
stackbarchart state: 6
donutchart state: 6
Not Found: /favicon.ico
GET Home
Selected State: 6
bubblechart state: 6
stackbarchart state: 6
create top10 state: 6
timeline_chart state: 6
simplechart state: 6
stackbarchart state: 6
donutchart state: 6
Not Found: /favicon.ico
GET Home
Selected State: 6
timeline_chart state: 6
stackbarchart state: 6
create top10 state: 6
bubblechart state: 6
simplechart state: 6
stackbarchart state: 6
Not Found: /favicon.ico
donutchart state: 6
GET Home
Selected State: 6
bubblechart state: 6
create top10 state: 6
simplechart state: 6
timeline_chart state: 6
stackbarchart state: 6
stackbarchart state: 6
donutchart state: 6
Not Found: /favicon.ico
GET Home
Selected State: 6
bubblechart state: 6
stackbarchart state: 6
timeline_chart state: 6
create top10 state: 6
simplechart state: 6
Not Found: /favicon.ico
stackbarchart state: 6
donutchart state: 6
GET Home
Selected State: 6
simplechart state: 6
stackbarchart state: 6
create top10 state: 6
timeline_chart state: 6
bubblechart state: 6
stackbarchart state: 6
donutchart state: 6
Not Found: /favicon.ico
GET Home
Selected State: 6
timeline_chart state: 6
bubblechart state: 6
stackbarchart state: 6
create top10 state: 6
simplechart state: 6
stackbarchart state: 6
Not Found: /favicon.ico
donutchart state: 6
GET Home
Selected State: 6
bubblechart state: 6
stackbarchart state: 6
create top10 state: 6
timeline_chart state: 6
simplechart state: 6
stackbarchart state: 6
Not Found: /favicon.ico
donutchart state: 6
GET Home
Selected State: ALL
bubblechart state: ALL
simplechart state: ALL
stackbarchart state: ALL
create top10 state: ALL
timeline_chart state: ALL
stackbarchart state: ALL
donutchart state: ALL
GET Home
Selected State: 1
timeline_chart state: 1
simplechart state: 1
bubblechart state: 1
create top10 state: 1
stackbarchart state: 1
stackbarchart state: 1
donutchart state: 1
stackbarchart state: 1
GET Home
Selected State: ALL
stackbarchart state: ALL
simplechart state: ALL
timeline_chart state: ALL
create top10 state: ALL
bubblechart state: ALL
stackbarchart state: ALL
donutchart state: ALL
GET Home
Selected State: 6
create top10 state: 6
timeline_chart state: 6
bubblechart state: 6
simplechart state: 6
stackbarchart state: 6
stackbarchart state: 6
donutchart state: 6
GET Home
Selected State: 7
create top10 state: 7
timeline_chart state: 7
stackbarchart state: 7
bubblechart state: 7
simplechart state: 7
stackbarchart state: 7
donutchart state: 7
GET Home
Selected State: ALL
timeline_chart state: ALL
simplechart state: ALL
bubblechart state: ALL
stackbarchart state: ALL
create top10 state: ALL
stackbarchart state: ALL
donutchart state: ALL
GET Home
Selected State: ALL
simplechart state: ALL
create top10 state: ALL
timeline_chart state: ALL
stackbarchart state: ALL
bubblechart state: ALL
stackbarchart state: ALL
donutchart state: ALL
GET Home
Selected State: ALL
stackbarchart state: ALL
timeline_chart state: ALL
simplechart state: ALL
bubblechart state: ALL
create top10 state: ALL
stackbarchart state: ALL
donutchart state: ALL
GET Home
Selected State: ALL
create top10 state: ALL
simplechart state: ALL
timeline_chart state: ALL
stackbarchart state: ALL
bubblechart state: ALL
stackbarchart state: ALL
donutchart state: ALL
GET Home
Selected State: 7
bubblechart state: 7
simplechart state: 7
create top10 state: 7
stackbarchart state: 7
timeline_chart state: 7
stackbarchart state: 7
donutchart state: 7
GET Home
Selected State: ALL
bubblechart state: ALL
timeline_chart state: ALL
stackbarchart state: ALL
create top10 state: ALL
simplechart state: ALL
stackbarchart state: ALL
donutchart state: ALL
Watching for file changes with StatReloader
GET Home
Selected State: ALL
timeline_chart state: ALL
simplechart state: ALL
create top10 state: ALL
bubblechart state: ALL
stackbarchart state: ALL
stackbarchart state: ALL
donutchart state: ALL
Not Found: /favicon.ico
GET Home
Selected State: ALL
simplechart state: ALL
bubblechart state: ALL
create top10 state: ALL
stackbarchart state: ALL
timeline_chart state: ALL
stackbarchart state: ALL
donutchart state: ALL
Not Found: /favicon.ico
GET Home
Selected State: ALL
simplechart state: ALL
create top10 state: ALL
stackbarchart state: ALL
timeline_chart state: ALL
bubblechart state: ALL
stackbarchart state: ALL
donutchart state: ALL
Not Found: /favicon.ico
GET Home
Selected State: ALL
simplechart state: ALL
bubblechart state: ALL
stackbarchart state: ALL
timeline_chart state: ALL
create top10 state: ALL
stackbarchart state: ALL
donutchart state: ALL
Not Found: /favicon.ico
GET Home
Selected State: ALL
create top10 state: ALL
stackbarchart state: ALL
timeline_chart state: ALL
bubblechart state: ALL
simplechart state: ALL
stackbarchart state: ALL
donutchart state: ALL
Not Found: /favicon.ico
GET Home
Selected State: ALL
timeline_chart state: ALL
simplechart state: ALL
bubblechart state: ALL
create top10 state: ALL
stackbarchart state: ALL
stackbarchart state: ALL
donutchart state: ALL
Not Found: /favicon.ico
GET Home
Selected State: ALL
simplechart state: ALL
bubblechart state: ALL
timeline_chart state: ALL
stackbarchart state: ALL
create top10 state: ALL
stackbarchart state: ALL
donutchart state: ALL
Not Found: /favicon.ico
GET Home
Selected State: ALL
bubblechart state: ALL
simplechart state: ALL
stackbarchart state: ALL
timeline_chart state: ALL
create top10 state: ALL
stackbarchart state: ALL
donutchart state: ALL
Not Found: /favicon.ico
GET Home
Selected State: ALL
create top10 state: ALL
simplechart state: ALL
bubblechart state: ALL
timeline_chart state: ALL
stackbarchart state: ALL
stackbarchart state: ALL
donutchart state: ALL
Not Found: /favicon.ico
GET Home
Selected State: ALL
simplechart state: ALL
bubblechart state: ALL
create top10 state: ALL
timeline_chart state: ALL
stackbarchart state: ALL
stackbarchart state: ALL
donutchart state: ALL
Not Found: /favicon.ico
GET Home
Selected State: ALL
simplechart state: ALL
bubblechart state: ALL
stackbarchart state: ALL
create top10 state: ALL
Not Found: /favicon.ico
timeline_chart state: ALL
stackbarchart state: ALL
donutchart state: ALL
GET Home
Selected State: ALL
simplechart state: ALL
stackbarchart state: ALL
bubblechart state: ALL
create top10 state: ALL
timeline_chart state: ALL
stackbarchart state: ALL
donutchart state: ALL
Not Found: /favicon.ico
GET Home
Selected State: ALL
bubblechart state: ALL
stackbarchart state: ALL
create top10 state: ALL
timeline_chart state: ALL
Not Found: /favicon.ico
simplechart state: ALL
stackbarchart state: ALL
donutchart state: ALL
GET Home
Selected State: ALL
timeline_chart state: ALL
simplechart state: ALL
create top10 state: ALL
bubblechart state: ALL
Not Found: /favicon.ico
stackbarchart state: ALL
stackbarchart state: ALL
donutchart state: ALL
GET Home
Selected State: ALL
stackbarchart state: ALL
bubblechart state: ALL
timeline_chart state: ALL
create top10 state: ALL
simplechart state: ALL
stackbarchart state: ALL
donutchart state: ALL
Not Found: /favicon.ico
GET Home
Selected State: ALL
simplechart state: ALL
timeline_chart state: ALL
bubblechart state: ALL
create top10 state: ALL
stackbarchart state: ALL
stackbarchart state: ALL
Not Found: /favicon.ico
donutchart state: ALL
GET Home
Selected State: ALL
simplechart state: ALL
bubblechart state: ALL
stackbarchart state: ALL
create top10 state: ALL
timeline_chart state: ALL
stackbarchart state: ALL
donutchart state: ALL
Not Found: /favicon.ico
GET Home
Selected State: ALL
simplechart state: ALL
create top10 state: ALL
stackbarchart state: ALL
stackbarchart state: ALL
timeline_chart state: ALL
bubblechart state: ALL
donutchart state: ALL
Not Found: /favicon.ico
GET Home
Selected State: ALL
bubblechart state: ALL
stackbarchart state: ALL
create top10 state: ALL
timeline_chart state: ALL
stackbarchart state: ALL
simplechart state: ALL
donutchart state: ALL
Not Found: /favicon.ico
GET Home
Selected State: ALL
stackbarchart state: ALL
timeline_chart state: ALL
simplechart state: ALL
create top10 state: ALL
bubblechart state: ALL
stackbarchart state: ALL
Not Found: /favicon.ico
donutchart state: ALL
GET Home
Selected State: ALL
bubblechart state: ALL
timeline_chart state: ALL
simplechart state: ALL
stackbarchart state: ALL
create top10 state: ALL
stackbarchart state: ALL
Not Found: /favicon.ico
donutchart state: ALL
GET Home
Selected State: ALL
bubblechart state: ALL
simplechart state: ALL
timeline_chart state: ALL
create top10 state: ALL
stackbarchart state: ALL
Not Found: /favicon.ico
stackbarchart state: ALL
donutchart state: ALL
GET Home
Selected State: ALL
stackbarchart state: ALL
bubblechart state: ALL
timeline_chart state: ALL
create top10 state: ALL
simplechart state: ALL
stackbarchart state: ALL
Not Found: /favicon.ico
donutchart state: ALL
GET Home
Selected State: ALL
simplechart state: ALL
stackbarchart state: ALL
bubblechart state: ALL
timeline_chart state: ALL
create top10 state: ALL
Not Found: /favicon.ico
stackbarchart state: ALL
donutchart state: ALL
GET Home
Selected State: ALL
stackbarchart state: ALL
simplechart state: ALL
create top10 state: ALL
bubblechart state: ALL
timeline_chart state: ALL
stackbarchart state: ALL
Not Found: /favicon.ico
donutchart state: ALL
GET Home
Selected State: ALL
simplechart state: ALL
create top10 state: ALL
bubblechart state: ALL
timeline_chart state: ALL
stackbarchart state: ALL
stackbarchart state: ALL
Not Found: /favicon.ico
donutchart state: ALL
GET Home
Selected State: ALL
simplechart state: ALL
stackbarchart state: ALL
bubblechart state: ALL
timeline_chart state: ALL
create top10 state: ALL
stackbarchart state: ALL
Not Found: /favicon.ico
donutchart state: ALL
GET Home
Selected State: ALL
create top10 state: ALL
bubblechart state: ALL
timeline_chart state: ALL
stackbarchart state: ALL
simplechart state: ALL
Not Found: /favicon.ico
stackbarchart state: ALL
donutchart state: ALL
GET Home
Selected State: ALL
timeline_chart state: ALL
bubblechart state: ALL
simplechart state: ALL
stackbarchart state: ALL
create top10 state: ALL
stackbarchart state: ALL
Not Found: /favicon.ico
donutchart state: ALL
GET Home
Selected State: ALL
stackbarchart state: ALL
simplechart state: ALL
create top10 state: ALL
bubblechart state: ALL
stackbarchart state: ALL
timeline_chart state: ALL
Not Found: /favicon.ico
donutchart state: ALL
GET Home
Selected State: ALL
create top10 state: ALL
bubblechart state: ALL
simplechart state: ALL
stackbarchart state: ALL
timeline_chart state: ALL
Not Found: /favicon.ico
stackbarchart state: ALL
donutchart state: ALL
GET Home
Selected State: ALL
create top10 state: ALL
stackbarchart state: ALL
timeline_chart state: ALL
bubblechart state: ALL
simplechart state: ALL
Not Found: /favicon.ico
stackbarchart state: ALL
donutchart state: ALL
GET Home
Selected State: ALL
simplechart state: ALL
stackbarchart state: ALL
bubblechart state: ALL
timeline_chart state: ALL
create top10 state: ALL
Not Found: /favicon.ico
stackbarchart state: ALL
donutchart state: ALL
GET Home
Selected State: 5
stackbarchart state: 5
bubblechart state: 5
simplechart state: 5
create top10 state: 5
timeline_chart state: 5
stackbarchart state: 5
donutchart state: 5
GET Home
Selected State: 5
timeline_chart state: 5
stackbarchart state: 5
simplechart state: 5
bubblechart state: 5
create top10 state: 5
stackbarchart state: 5
donutchart state: 5
Not Found: /favicon.ico
GET Home
Selected State: 5
bubblechart state: 5
simplechart state: 5
stackbarchart state: 5
timeline_chart state: 5
create top10 state: 5
stackbarchart state: 5
donutchart state: 5
Not Found: /favicon.ico
GET Home
Selected State: 5
simplechart state: 5
create top10 state: 5
stackbarchart state: 5
bubblechart state: 5
timeline_chart state: 5
stackbarchart state: 5
donutchart state: 5
Not Found: /favicon.ico
GET Home
Selected State: 5
create top10 state: 5
timeline_chart state: 5
simplechart state: 5
bubblechart state: 5
stackbarchart state: 5
stackbarchart state: 5
donutchart state: 5
Not Found: /favicon.ico
GET Home
Selected State: 5
timeline_chart state: 5
bubblechart state: 5
simplechart state: 5
stackbarchart state: 5
create top10 state: 5
stackbarchart state: 5
donutchart state: 5
Not Found: /favicon.ico
GET Home
Selected State: 5
timeline_chart state: 5
simplechart state: 5
bubblechart state: 5
stackbarchart state: 5
create top10 state: 5
stackbarchart state: 5
donutchart state: 5
Not Found: /favicon.ico
GET Home
Selected State: 5
stackbarchart state: 5
simplechart state: 5
create top10 state: 5
bubblechart state: 5
stackbarchart state: 5
timeline_chart state: 5
donutchart state: 5
Not Found: /favicon.ico
GET Home
Selected State: 5
bubblechart state: 5
simplechart state: 5
timeline_chart state: 5
stackbarchart state: 5
create top10 state: 5
stackbarchart state: 5
donutchart state: 5
Not Found: /favicon.ico
GET Home
Selected State: 5
create top10 state: 5
stackbarchart state: 5
simplechart state: 5
timeline_chart state: 5
bubblechart state: 5
stackbarchart state: 5
donutchart state: 5
Not Found: /favicon.ico
GET Home
Selected State: 5
timeline_chart state: 5
bubblechart state: 5
create top10 state: 5
simplechart state: 5
stackbarchart state: 5
stackbarchart state: 5
donutchart state: 5
Not Found: /favicon.ico
GET Home
Selected State: 5
simplechart state: 5
stackbarchart state: 5
bubblechart state: 5
create top10 state: 5
stackbarchart state: 5
timeline_chart state: 5
donutchart state: 5
Not Found: /favicon.ico
GET Home
Selected State: 5
create top10 state: 5
bubblechart state: 5
stackbarchart state: 5
timeline_chart state: 5
simplechart state: 5
stackbarchart state: 5
Not Found: /favicon.ico
donutchart state: 5
GET Home
Selected State: 5
simplechart state: 5
bubblechart state: 5
create top10 state: 5
timeline_chart state: 5
stackbarchart state: 5
stackbarchart state: 5
donutchart state: 5
Not Found: /favicon.ico
GET Home
Selected State: 5
timeline_chart state: 5
simplechart state: 5
bubblechart state: 5
create top10 state: 5
stackbarchart state: 5
stackbarchart state: 5
donutchart state: 5
Not Found: /favicon.ico
GET Home
Selected State: 5
create top10 state: 5
bubblechart state: 5
stackbarchart state: 5
timeline_chart state: 5
stackbarchart state: 5
simplechart state: 5
donutchart state: 5
Not Found: /favicon.ico
GET Home
Selected State: 5
stackbarchart state: 5
create top10 state: 5
timeline_chart state: 5
bubblechart state: 5
simplechart state: 5
stackbarchart state: 5
donutchart state: 5
Not Found: /favicon.ico
GET Home
Selected State: 5
bubblechart state: 5
create top10 state: 5
timeline_chart state: 5
simplechart state: 5
stackbarchart state: 5
stackbarchart state: 5
donutchart state: 5
Not Found: /favicon.ico
GET Home
Selected State: 5
simplechart state: 5
create top10 state: 5
bubblechart state: 5
timeline_chart state: 5
stackbarchart state: 5
stackbarchart state: 5
donutchart state: 5
Not Found: /favicon.ico
GET Home
Selected State: 5
timeline_chart state: 5
simplechart state: 5
create top10 state: 5
stackbarchart state: 5
stackbarchart state: 5
bubblechart state: 5
donutchart state: 5
Not Found: /favicon.ico
GET Home
Selected State: 5
simplechart state: 5
bubblechart state: 5
stackbarchart state: 5
timeline_chart state: 5
create top10 state: 5
stackbarchart state: 5
donutchart state: 5
Not Found: /favicon.ico
GET Home
Selected State: 5
simplechart state: 5
stackbarchart state: 5
create top10 state: 5
bubblechart state: 5
timeline_chart state: 5
stackbarchart state: 5
donutchart state: 5
Not Found: /favicon.ico
GET Home
Selected State: 5
create top10 state: 5
stackbarchart state: 5
bubblechart state: 5
timeline_chart state: 5
stackbarchart state: 5
simplechart state: 5
donutchart state: 5
Not Found: /favicon.ico
GET Home
Selected State: 5
create top10 state: 5
simplechart state: 5
stackbarchart state: 5
timeline_chart state: 5
bubblechart state: 5
stackbarchart state: 5
donutchart state: 5
Not Found: /favicon.ico
GET Home
Selected State: 5
timeline_chart state: 5
bubblechart state: 5
simplechart state: 5
create top10 state: 5
stackbarchart state: 5
stackbarchart state: 5
donutchart state: 5
Not Found: /favicon.ico
GET Home
Selected State: 5
simplechart state: 5
stackbarchart state: 5
bubblechart state: 5
timeline_chart state: 5
create top10 state: 5
stackbarchart state: 5
donutchart state: 5
Not Found: /favicon.ico
GET Home
Selected State: 5
timeline_chart state: 5
stackbarchart state: 5
simplechart state: 5
create top10 state: 5
bubblechart state: 5
stackbarchart state: 5
donutchart state: 5
Not Found: /favicon.ico
GET Home
Selected State: 5
timeline_chart state: 5
create top10 state: 5
simplechart state: 5
bubblechart state: 5
stackbarchart state: 5
stackbarchart state: 5
donutchart state: 5
GET Home
Selected State: 11
simplechart state: 11
timeline_chart state: 11
stackbarchart state: 11
bubblechart state: 11
create top10 state: 11
stackbarchart state: 11
donutchart state: 11
GET Home
Selected State: 11
simplechart state: 11
stackbarchart state: 11
bubblechart state: 11
create top10 state: 11
timeline_chart state: 11
stackbarchart state: 11
donutchart state: 11
Not Found: /favicon.ico
GET Home
Selected State: 11
bubblechart state: 11
simplechart state: 11
timeline_chart state: 11
create top10 state: 11
stackbarchart state: 11
stackbarchart state: 11
donutchart state: 11
Not Found: /favicon.ico
GET Home
Selected State: 5
create top10 state: 5
timeline_chart state: 5
simplechart state: 5
stackbarchart state: 5
bubblechart state: 5
stackbarchart state: 5
donutchart state: 5
C:\Users\Mirge\Documents\_CORMAC\Assignments\repositories\fresh - Copy\dashboard\urls.py changed, reloading.
Watching for file changes with StatReloader
C:\Users\Mirge\Documents\_CORMAC\Assignments\repositories\fresh - Copy\dashboard\urls.py changed, reloading.
Watching for file changes with StatReloader
C:\Users\Mirge\Documents\_CORMAC\Assignments\repositories\fresh - Copy\dashboard\urls.py changed, reloading.
Watching for file changes with StatReloader
GET Home
Selected State: 5
timeline_chart state: 5
bubblechart state: 5
stackbarchart state: 5
create top10 state: 5
simplechart state: 5
stackbarchart state: 5
donutchart state: 5
Not Found: /favicon.ico
GET Home
Selected State: 5
timeline_chart state: 5
simplechart state: 5
create top10 state: 5
bubblechart state: 5
stackbarchart state: 5
stackbarchart state: 5
donutchart state: 5
Not Found: /favicon.ico
GET Home
Selected State: 5
timeline_chart state: 5
simplechart state: 5
stackbarchart state: 5
bubblechart state: 5
create top10 state: 5
stackbarchart state: 5
donutchart state: 5
Not Found: /favicon.ico
GET Home
Selected State: 5
simplechart state: 5
timeline_chart state: 5
create top10 state: 5
bubblechart state: 5
stackbarchart state: 5
stackbarchart state: 5
donutchart state: 5
Not Found: /favicon.ico
GET Home
Selected State: 5
simplechart state: 5
stackbarchart state: 5
timeline_chart state: 5
create top10 state: 5
bubblechart state: 5
donutchart state: 5
stackbarchart state: 5
Not Found: /favicon.ico
GET Home
Selected State: 5
bubblechart state: 5
simplechart state: 5
stackbarchart state: 5
timeline_chart state: 5
create top10 state: 5
stackbarchart state: 5
Not Found: /favicon.ico
donutchart state: 5
GET Home
Selected State: ALL
timeline_chart state: ALL
bubblechart state: ALL
simplechart state: ALL
stackbarchart state: ALL
create top10 state: ALL
stackbarchart state: ALL
donutchart state: ALL
GET Home
Selected State: ALL
simplechart state: ALL
create top10 state: ALL
stackbarchart state: ALL
bubblechart state: ALL
timeline_chart state: ALL
stackbarchart state: ALL
donutchart state: ALL
Not Found: /favicon.ico
GET Home
Selected State: ALL
create top10 state: ALL
timeline_chart state: ALL
simplechart state: ALL
bubblechart state: ALL
stackbarchart state: ALL
Not Found: /favicon.ico
stackbarchart state: ALL
donutchart state: ALL
GET Home
Selected State: ALL
create top10 state: ALL
timeline_chart state: ALL
simplechart state: ALL
bubblechart state: ALL
stackbarchart state: ALL
stackbarchart state: ALL
Not Found: /favicon.ico
donutchart state: ALL
GET Home
Selected State: ALL
simplechart state: ALL
bubblechart state: ALL
create top10 state: ALL
stackbarchart state: ALL
timeline_chart state: ALL
Not Found: /favicon.ico
stackbarchart state: ALL
donutchart state: ALL
GET Home
Selected State: ALL
create top10 state: ALL
bubblechart state: ALL
simplechart state: ALL
stackbarchart state: ALL
timeline_chart state: ALL
stackbarchart state: ALL
donutchart state: ALL
Not Found: /favicon.ico
GET Home
Selected State: ALL
create top10 state: ALL
bubblechart state: ALL
simplechart state: ALL
timeline_chart state: ALL
stackbarchart state: ALL
stackbarchart state: ALL
Not Found: /favicon.ico
donutchart state: ALL
GET Home
Selected State: ALL
stackbarchart state: ALL
bubblechart state: ALL
simplechart state: ALL
create top10 state: ALL
timeline_chart state: ALL
Not Found: /favicon.ico
stackbarchart state: ALL
donutchart state: ALL
GET Home
Selected State: ALL
simplechart state: ALL
create top10 state: ALL
timeline_chart state: ALL
bubblechart state: ALL
stackbarchart state: ALL
stackbarchart state: ALL
donutchart state: ALL
Not Found: /favicon.ico
GET Home
Selected State: 2
timeline_chart state: 2
simplechart state: 2
stackbarchart state: 2
create top10 state: 2
bubblechart state: 2
stackbarchart state: 2
donutchart state: 2
GET Home
Selected State: 2
simplechart state: 2
bubblechart state: 2
create top10 state: 2
timeline_chart state: 2
stackbarchart state: 2
stackbarchart state: 2
donutchart state: 2
Not Found: /favicon.ico
Not Found: /piechart/
Not Found: /piechart/
Not Found: /favicon.ico
GET Home
Selected State: ALL
create top10 state: ALL
timeline_chart state: ALL
simplechart state: ALL
stackbarchart state: ALL
bubblechart state: ALL
stackbarchart state: ALL
donutchart state: ALL
GET Home
Selected State: ALL
simplechart state: ALL
create top10 state: ALL
timeline_chart state: ALL
stackbarchart state: ALL
bubblechart state: ALL
stackbarchart state: ALL
donutchart state: ALL
Not Found: /piechart/
create top10 state: ALL
donutchart state: ALL
create top10 state: ALL
donutchart state: ALL
GET Home
Selected State: 2
simplechart state: 2
create top10 state: 2
bubblechart state: 2
timeline_chart state: 2
stackbarchart state: 2
stackbarchart state: 2
donutchart state: 2
create top10 state: 2
donutchart state: 2
Not Found: /favicon.ico
timeline_chart state: 2
GET Home
Selected State: ALL
simplechart state: ALL
stackbarchart state: ALL
bubblechart state: ALL
create top10 state: ALL
timeline_chart state: ALL
stackbarchart state: ALL
donutchart state: ALL
GET Home
Selected State: ALL
create top10 state: ALL
bubblechart state: ALL
simplechart state: ALL
timeline_chart state: ALL
stackbarchart state: ALL
stackbarchart state: ALL
donutchart state: ALL
Not Found: /favicon.ico
GET Home
Selected State: ALL
timeline_chart state: ALL
simplechart state: ALL
create top10 state: ALL
stackbarchart state: ALL
stackbarchart state: ALL
bubblechart state: ALL
donutchart state: ALL
Not Found: /favicon.ico
GET Home
Selected State: ALL
stackbarchart state: ALL
simplechart state: ALL
timeline_chart state: ALL
bubblechart state: ALL
create top10 state: ALL
stackbarchart state: ALL
donutchart state: ALL
Not Found: /favicon.ico
GET Home
Selected State: ALL
simplechart state: ALL
stackbarchart state: ALL
timeline_chart state: ALL
create top10 state: ALL
bubblechart state: ALL
stackbarchart state: ALL
donutchart state: ALL
Not Found: /favicon.ico
GET Home
Selected State: 7
bubblechart state: 7
stackbarchart state: 7
create top10 state: 7
timeline_chart state: 7
simplechart state: 7
stackbarchart state: 7
donutchart state: 7
GET Home
Selected State: 5
simplechart state: 5
timeline_chart state: 5
bubblechart state: 5
create top10 state: 5
stackbarchart state: 5
stackbarchart state: 5
donutchart state: 5
timeline_chart state: 5
GET Home
Selected State: 6
stackbarchart state: 6
timeline_chart state: 6
create top10 state: 6
bubblechart state: 6
simplechart state: 6
stackbarchart state: 6
donutchart state: 6
create top10 state: 6
donutchart state: 6
GET Home
Selected State: 6
simplechart state: 6
bubblechart state: 6
stackbarchart state: 6
timeline_chart state: 6
create top10 state: 6
stackbarchart state: 6
donutchart state: 6
Not Found: /favicon.ico
GET Home
Selected State: 6
bubblechart state: 6
stackbarchart state: 6
create top10 state: 6
simplechart state: 6
stackbarchart state: 6
timeline_chart state: 6
donutchart state: 6
Not Found: /favicon.ico
GET Home
Selected State: 6
bubblechart state: 6
create top10 state: 6
timeline_chart state: 6
stackbarchart state: 6
simplechart state: 6
stackbarchart state: 6
donutchart state: 6
Not Found: /favicon.ico
GET Home
Selected State: 6
bubblechart state: 6
create top10 state: 6
stackbarchart state: 6
simplechart state: 6
timeline_chart state: 6
stackbarchart state: 6
donutchart state: 6
Not Found: /favicon.ico
GET Home
Selected State: 6
simplechart state: 6
timeline_chart state: 6
stackbarchart state: 6
bubblechart state: 6
create top10 state: 6
stackbarchart state: 6
donutchart state: 6
Not Found: /favicon.ico
Watching for file changes with StatReloader
GET Home
Selected State: ALL
simplechart state: ALL
stackbarchart state: ALL
bubblechart state: ALL
timeline_chart state: ALL
create top10 state: ALL
stackbarchart state: ALL
donutchart state: ALL
Not Found: /favicon.ico
GET Home
Selected State: ALL
create top10 state: ALL
timeline_chart state: ALL
simplechart state: ALL
stackbarchart state: ALL
bubblechart state: ALL
stackbarchart state: ALL
donutchart state: ALL
Not Found: /favicon.ico
GET Home
Selected State: ALL
timeline_chart state: ALL
bubblechart state: ALL
stackbarchart state: ALL
simplechart state: ALL
create top10 state: ALL
Not Found: /favicon.ico
stackbarchart state: ALL
donutchart state: ALL
GET Home
Selected State: ALL
simplechart state: ALL
bubblechart state: ALL
stackbarchart state: ALL
create top10 state: ALL
timeline_chart state: ALL
Not Found: /favicon.ico
stackbarchart state: ALL
donutchart state: ALL
GET Home
Selected State: ALL
simplechart state: ALL
stackbarchart state: ALL
timeline_chart state: ALL
create top10 state: ALL
bubblechart state: ALL
Not Found: /favicon.ico
stackbarchart state: ALL
donutchart state: ALL
GET Home
Selected State: ALL
simplechart state: ALL
stackbarchart state: ALL
timeline_chart state: ALL
create top10 state: ALL
bubblechart state: ALL
Not Found: /favicon.ico
stackbarchart state: ALL
donutchart state: ALL
GET Home
Selected State: ALL
bubblechart state: ALL
stackbarchart state: ALL
simplechart state: ALL
timeline_chart state: ALL
create top10 state: ALL
Not Found: /favicon.ico
stackbarchart state: ALL
donutchart state: ALL
GET Home
Selected State: ALL
simplechart state: ALL
create top10 state: ALL
timeline_chart state: ALL
bubblechart state: ALL
stackbarchart state: ALL
stackbarchart state: ALL
Not Found: /favicon.ico
donutchart state: ALL
GET Home
Selected State: ALL
stackbarchart state: ALL
bubblechart state: ALL
create top10 state: ALL
simplechart state: ALL
timeline_chart state: ALL
Not Found: /favicon.ico
stackbarchart state: ALL
donutchart state: ALL
GET Home
Selected State: ALL
simplechart state: ALL
bubblechart state: ALL
create top10 state: ALL
stackbarchart state: ALL
timeline_chart state: ALL
Not Found: /favicon.ico
stackbarchart state: ALL
donutchart state: ALL
GET Home
Selected State: ALL
create top10 state: ALL
stackbarchart state: ALL
simplechart state: ALL
timeline_chart state: ALL
bubblechart state: ALL
stackbarchart state: ALL
Not Found: /favicon.ico
donutchart state: ALL
GET Home
Selected State: ALL
stackbarchart state: ALL
create top10 state: ALL
bubblechart state: ALL
simplechart state: ALL
timeline_chart state: ALL
stackbarchart state: ALL
donutchart state: ALL
Not Found: /favicon.ico
GET Home
Selected State: ALL
stackbarchart state: ALL
bubblechart state: ALL
simplechart state: ALL
timeline_chart state: ALL
create top10 state: ALL
stackbarchart state: ALL
donutchart state: ALL
Not Found: /favicon.ico
GET Home
Selected State: ALL
create top10 state: ALL
timeline_chart state: ALL
stackbarchart state: ALL
bubblechart state: ALL
Not Found: /favicon.ico
stackbarchart state: ALL
simplechart state: ALL
donutchart state: ALL
GET Home
Selected State: ALL
simplechart state: ALL
timeline_chart state: ALL
stackbarchart state: ALL
bubblechart state: ALL
create top10 state: ALL
stackbarchart state: ALL
donutchart state: ALL
Not Found: /favicon.ico
GET Home
Selected State: ALL
simplechart state: ALL
stackbarchart state: ALL
timeline_chart state: ALL
create top10 state: ALL
bubblechart state: ALL
stackbarchart state: ALL
donutchart state: ALL
Not Found: /favicon.ico
GET Home
Selected State: ALL
timeline_chart state: ALL
create top10 state: ALL
stackbarchart state: ALL
simplechart state: ALL
bubblechart state: ALL
stackbarchart state: ALL
Not Found: /favicon.ico
donutchart state: ALL
GET Home
Selected State: ALL
stackbarchart state: ALL
bubblechart state: ALL
simplechart state: ALL
create top10 state: ALL
timeline_chart state: ALL
stackbarchart state: ALL
donutchart state: ALL
Not Found: /favicon.ico
GET Home
Selected State: ALL
timeline_chart state: ALL
simplechart state: ALL
create top10 state: ALL
bubblechart state: ALL
stackbarchart state: ALL
stackbarchart state: ALL
donutchart state: ALL
Not Found: /favicon.ico
GET Home
Selected State: ALL
timeline_chart state: ALL
stackbarchart state: ALL
simplechart state: ALL
create top10 state: ALL
bubblechart state: ALL
Not Found: /favicon.ico
stackbarchart state: ALL
donutchart state: ALL
GET Home
Selected State: ALL
stackbarchart state: ALL
bubblechart state: ALL
create top10 state: ALL
simplechart state: ALL
timeline_chart state: ALL
stackbarchart state: ALL
donutchart state: ALL
Not Found: /favicon.ico
GET Home
Selected State: ALL
timeline_chart state: ALL
create top10 state: ALL
bubblechart state: ALL
simplechart state: ALL
stackbarchart state: ALL
stackbarchart state: ALL
Not Found: /favicon.ico
donutchart state: ALL
GET Home
Selected State: ALL
simplechart state: ALL
bubblechart state: ALL
stackbarchart state: ALL
create top10 state: ALL
timeline_chart state: ALL
stackbarchart state: ALL
Not Found: /favicon.ico
donutchart state: ALL
GET Home
Selected State: ALL
stackbarchart state: ALL
bubblechart state: ALL
create top10 state: ALL
timeline_chart state: ALL
simplechart state: ALL
Not Found: /favicon.ico
stackbarchart state: ALL
donutchart state: ALL
GET Home
Selected State: ALL
bubblechart state: ALL
create top10 state: ALL
simplechart state: ALL
stackbarchart state: ALL
timeline_chart state: ALL
Not Found: /favicon.ico
stackbarchart state: ALL
donutchart state: ALL
GET Home
Selected State: ALL
create top10 state: ALL
simplechart state: ALL
timeline_chart state: ALL
bubblechart state: ALL
stackbarchart state: ALL
stackbarchart state: ALL
donutchart state: ALL
Not Found: /favicon.ico
GET Home
Selected State: ALL
simplechart state: ALL
bubblechart state: ALL
create top10 state: ALL
timeline_chart state: ALL
stackbarchart state: ALL
Not Found: /favicon.ico
stackbarchart state: ALL
donutchart state: ALL
GET Home
Selected State: ALL
simplechart state: ALL
create top10 state: ALL
timeline_chart state: ALL
bubblechart state: ALL
stackbarchart state: ALL
stackbarchart state: ALL
donutchart state: ALL
Not Found: /favicon.ico
GET Home
Selected State: ALL
create top10 state: ALL
simplechart state: ALL
bubblechart state: ALL
timeline_chart state: ALL
stackbarchart state: ALL
Not Found: /favicon.ico
stackbarchart state: ALL
donutchart state: ALL
GET Home
Selected State: ALL
create top10 state: ALL
simplechart state: ALL
bubblechart state: ALL
stackbarchart state: ALL
timeline_chart state: ALL
Not Found: /favicon.ico
stackbarchart state: ALL
donutchart state: ALL
GET Home
Selected State: ALL
create top10 state: ALL
bubblechart state: ALL
timeline_chart state: ALL
stackbarchart state: ALL
simplechart state: ALL
Not Found: /favicon.ico
stackbarchart state: ALL
donutchart state: ALL
GET Home
Selected State: ALL
stackbarchart state: ALL
timeline_chart state: ALL
bubblechart state: ALL
simplechart state: ALL
create top10 state: ALL
Not Found: /favicon.ico
stackbarchart state: ALL
donutchart state: ALL
GET Home
Selected State: ALL
create top10 state: ALL
stackbarchart state: ALL
timeline_chart state: ALL
bubblechart state: ALL
simplechart state: ALL
Not Found: /favicon.ico
stackbarchart state: ALL
donutchart state: ALL
GET Home
Selected State: ALL
create top10 state: ALL
bubblechart state: ALL
stackbarchart state: ALL
simplechart state: ALL
timeline_chart state: ALL
Not Found: /favicon.ico
stackbarchart state: ALL
donutchart state: ALL
GET Home
Selected State: 7
timeline_chart state: 7
stackbarchart state: 7
create top10 state: 7
bubblechart state: 7
simplechart state: 7
stackbarchart state: 7
donutchart state: 7
GET Home
Selected State: 7
bubblechart state: 7
timeline_chart state: 7
stackbarchart state: 7
create top10 state: 7
simplechart state: 7
stackbarchart state: 7
donutchart state: 7
Not Found: /favicon.ico
GET Home
Selected State: 7
bubblechart state: 7
simplechart state: 7
stackbarchart state: 7
timeline_chart state: 7
create top10 state: 7
stackbarchart state: 7
donutchart state: 7
Not Found: /favicon.ico
GET Home
Selected State: 7
create top10 state: 7
simplechart state: 7
stackbarchart state: 7
timeline_chart state: 7
bubblechart state: 7
stackbarchart state: 7
Not Found: /favicon.ico
donutchart state: 7
GET Home
Selected State: 7
create top10 state: 7
stackbarchart state: 7
timeline_chart state: 7
simplechart state: 7
bubblechart state: 7
stackbarchart state: 7
Not Found: /favicon.ico
donutchart state: 7
GET Home
Selected State: 7
bubblechart state: 7
stackbarchart state: 7
create top10 state: 7
simplechart state: 7
timeline_chart state: 7
stackbarchart state: 7
donutchart state: 7
Not Found: /favicon.ico
GET Home
Selected State: 7
simplechart state: 7
stackbarchart state: 7
create top10 state: 7
timeline_chart state: 7
bubblechart state: 7
stackbarchart state: 7
Not Found: /favicon.ico
donutchart state: 7
GET Home
Selected State: 7
bubblechart state: 7
create top10 state: 7
simplechart state: 7
timeline_chart state: 7
stackbarchart state: 7
stackbarchart state: 7
donutchart state: 7
Not Found: /favicon.ico
GET Home
Selected State: 7
simplechart state: 7
create top10 state: 7
bubblechart state: 7
stackbarchart state: 7
stackbarchart state: 7
timeline_chart state: 7
donutchart state: 7
Not Found: /favicon.ico
GET Home
Selected State: 7
simplechart state: 7
bubblechart state: 7
create top10 state: 7
timeline_chart state: 7
stackbarchart state: 7
stackbarchart state: 7
donutchart state: 7
Not Found: /favicon.ico
GET Home
Selected State: 7
create top10 state: 7
stackbarchart state: 7
bubblechart state: 7
simplechart state: 7
stackbarchart state: 7
timeline_chart state: 7
donutchart state: 7
Not Found: /favicon.ico
GET Home
Selected State: 7
bubblechart state: 7
simplechart state: 7
timeline_chart state: 7
create top10 state: 7
stackbarchart state: 7
stackbarchart state: 7
donutchart state: 7
Not Found: /favicon.ico
GET Home
Selected State: 7
simplechart state: 7
bubblechart state: 7
create top10 state: 7
timeline_chart state: 7
stackbarchart state: 7
donutchart state: 7
stackbarchart state: 7
Not Found: /favicon.ico
GET Home
Selected State: 7
timeline_chart state: 7
simplechart state: 7
create top10 state: 7
bubblechart state: 7
stackbarchart state: 7
stackbarchart state: 7
donutchart state: 7
Not Found: /favicon.ico
GET Home
Selected State: 7
simplechart state: 7
stackbarchart state: 7
create top10 state: 7
bubblechart state: 7
timeline_chart state: 7
stackbarchart state: 7
donutchart state: 7
Not Found: /favicon.ico
GET Home
Selected State: 7
timeline_chart state: 7
simplechart state: 7
create top10 state: 7
stackbarchart state: 7
bubblechart state: 7
stackbarchart state: 7
Not Found: /favicon.ico
donutchart state: 7
GET Home
Selected State: 7
stackbarchart state: 7
simplechart state: 7
bubblechart state: 7
timeline_chart state: 7
create top10 state: 7
stackbarchart state: 7
donutchart state: 7
Not Found: /favicon.ico
GET Home
Selected State: 7
bubblechart state: 7
create top10 state: 7
timeline_chart state: 7
stackbarchart state: 7
simplechart state: 7
stackbarchart state: 7
donutchart state: 7
Not Found: /favicon.ico
GET Home
Selected State: 7
bubblechart state: 7
timeline_chart state: 7
simplechart state: 7
stackbarchart state: 7
create top10 state: 7
stackbarchart state: 7
Not Found: /favicon.ico
donutchart state: 7
GET Home
Selected State: 7
stackbarchart state: 7
timeline_chart state: 7
simplechart state: 7
create top10 state: 7
bubblechart state: 7
stackbarchart state: 7
Not Found: /favicon.ico
donutchart state: 7
GET Home
Selected State: ALL
simplechart state: ALL
bubblechart state: ALL
create top10 state: ALL
stackbarchart state: ALL
timeline_chart state: ALL
stackbarchart state: ALL
donutchart state: ALL
GET Home
Selected State: ALL
bubblechart state: ALL
create top10 state: ALL
simplechart state: ALL
timeline_chart state: ALL
stackbarchart state: ALL
stackbarchart state: ALL
donutchart state: ALL
Not Found: /favicon.ico
GET Home
Selected State: ALL
simplechart state: ALL
stackbarchart state: ALL
timeline_chart state: ALL
create top10 state: ALL
bubblechart state: ALL
Not Found: /favicon.ico
stackbarchart state: ALL
donutchart state: ALL
GET Home
Selected State: ALL
stackbarchart state: ALL
bubblechart state: ALL
simplechart state: ALL
create top10 state: ALL
timeline_chart state: ALL
Not Found: /favicon.ico
stackbarchart state: ALL
donutchart state: ALL
GET Home
Selected State: ALL
simplechart state: ALL
stackbarchart state: ALL
bubblechart state: ALL
create top10 state: ALL
timeline_chart state: ALL
stackbarchart state: ALL
Not Found: /favicon.ico
donutchart state: ALL
GET Home
Selected State: ALL
create top10 state: ALL
bubblechart state: ALL
simplechart state: ALL
Not Found: /favicon.ico
timeline_chart state: ALL
stackbarchart state: ALL
stackbarchart state: ALL
donutchart state: ALL
GET Home
Selected State: ALL
simplechart state: ALL
create top10 state: ALL
bubblechart state: ALL
stackbarchart state: ALL
Not Found: /favicon.ico
stackbarchart state: ALL
timeline_chart state: ALL
donutchart state: ALL
GET Home
Selected State: ALL
simplechart state: ALL
stackbarchart state: ALL
bubblechart state: ALL
timeline_chart state: ALL
create top10 state: ALL
Not Found: /favicon.ico
stackbarchart state: ALL
donutchart state: ALL
GET Home
Selected State: ALL
simplechart state: ALL
bubblechart state: ALL
timeline_chart state: ALL
stackbarchart state: ALL
create top10 state: ALL
Not Found: /favicon.ico
stackbarchart state: ALL
donutchart state: ALL
GET Home
Selected State: ALL
bubblechart state: ALL
create top10 state: ALL
timeline_chart state: ALL
stackbarchart state: ALL
simplechart state: ALL
Not Found: /favicon.ico
stackbarchart state: ALL
donutchart state: ALL
GET Home
Selected State: 25
timeline_chart state: 25
simplechart state: 25
stackbarchart state: 25
create top10 state: 25
bubblechart state: 25
stackbarchart state: 25
donutchart state: 25
GET Home
Selected State: 25
create top10 state: 25
simplechart state: 25
stackbarchart state: 25
timeline_chart state: 25
bubblechart state: 25
stackbarchart state: 25
donutchart state: 25
Not Found: /favicon.ico
GET Home
Selected State: ALL
create top10 state: ALL
simplechart state: ALL
timeline_chart state: ALL
bubblechart state: ALL
stackbarchart state: ALL
stackbarchart state: ALL
donutchart state: ALL
GET Home
Selected State: 1
timeline_chart state: 1
stackbarchart state: 1
create top10 state: 1
bubblechart state: 1
simplechart state: 1
stackbarchart state: 1
donutchart state: 1
GET Home
Selected State: 1
stackbarchart state: 1
simplechart state: 1
bubblechart state: 1
timeline_chart state: 1
create top10 state: 1
stackbarchart state: 1
donutchart state: 1
Not Found: /favicon.ico
GET Home
Selected State: 1
simplechart state: 1
stackbarchart state: 1
create top10 state: 1
bubblechart state: 1
timeline_chart state: 1
stackbarchart state: 1
Not Found: /favicon.ico
donutchart state: 1
GET Home
Selected State: 1
bubblechart state: 1
simplechart state: 1
timeline_chart state: 1
create top10 state: 1
stackbarchart state: 1
stackbarchart state: 1
donutchart state: 1
Not Found: /favicon.ico
GET Home
Selected State: 1
bubblechart state: 1
timeline_chart state: 1
simplechart state: 1
stackbarchart state: 1
create top10 state: 1
stackbarchart state: 1
Not Found: /favicon.ico
donutchart state: 1
GET Home
Selected State: 1
stackbarchart state: 1
timeline_chart state: 1
create top10 state: 1
bubblechart state: 1
simplechart state: 1
stackbarchart state: 1
Not Found: /favicon.ico
donutchart state: 1
GET Home
Selected State: 1
timeline_chart state: 1
stackbarchart state: 1
simplechart state: 1
create top10 state: 1
bubblechart state: 1
stackbarchart state: 1
donutchart state: 1
Not Found: /favicon.ico
GET Home
Selected State: 1
bubblechart state: 1
stackbarchart state: 1
timeline_chart state: 1
simplechart state: 1
create top10 state: 1
stackbarchart state: 1
Not Found: /favicon.ico
donutchart state: 1
GET Home
Selected State: 1
bubblechart state: 1
stackbarchart state: 1
create top10 state: 1
timeline_chart state: 1
simplechart state: 1
stackbarchart state: 1
donutchart state: 1
Not Found: /favicon.ico
GET Home
Selected State: 1
create top10 state: 1
simplechart state: 1
timeline_chart state: 1
stackbarchart state: 1
bubblechart state: 1
stackbarchart state: 1
Not Found: /favicon.ico
donutchart state: 1
GET Home
Selected State: 1
timeline_chart state: 1
simplechart state: 1
create top10 state: 1
stackbarchart state: 1
bubblechart state: 1
stackbarchart state: 1
Not Found: /favicon.ico
donutchart state: 1
GET Home
Selected State: 1
timeline_chart state: 1
stackbarchart state: 1
create top10 state: 1
simplechart state: 1
bubblechart state: 1
stackbarchart state: 1
Not Found: /favicon.ico
donutchart state: 1
GET Home
Selected State: 1
bubblechart state: 1
create top10 state: 1
timeline_chart state: 1
simplechart state: 1
stackbarchart state: 1
stackbarchart state: 1
donutchart state: 1
Not Found: /favicon.ico
GET Home
Selected State: 1
create top10 state: 1
stackbarchart state: 1
bubblechart state: 1
simplechart state: 1
timeline_chart state: 1
stackbarchart state: 1
Not Found: /favicon.ico
donutchart state: 1
GET Home
Selected State: ALL
stackbarchart state: ALL
timeline_chart state: ALL
simplechart state: ALL
bubblechart state: ALL
create top10 state: ALL
stackbarchart state: ALL
donutchart state: ALL
GET Home
Selected State: 10
simplechart state: 10
bubblechart state: 10
stackbarchart state: 10
create top10 state: 10
timeline_chart state: 10
stackbarchart state: 10
donutchart state: 10
GET Home
Selected State: 5
stackbarchart state: 5
timeline_chart state: 5
bubblechart state: 5
simplechart state: 5
create top10 state: 5
stackbarchart state: 5
donutchart state: 5
GET Home
Selected State: 1
simplechart state: 1
bubblechart state: 1
create top10 state: 1
timeline_chart state: 1
stackbarchart state: 1
stackbarchart state: 1
donutchart state: 1
GET Home
Selected State: 6
stackbarchart state: 6
create top10 state: 6
simplechart state: 6
bubblechart state: 6
timeline_chart state: 6
stackbarchart state: 6
donutchart state: 6
GET Home
Selected State: 54
simplechart state: 54
bubblechart state: 54
stackbarchart state: 54
timeline_chart state: 54
create top10 state: 54
stackbarchart state: 54
donutchart state: 54
GET Home
Selected State: ALL
stackbarchart state: ALL
bubblechart state: ALL
timeline_chart state: ALL
simplechart state: ALL
create top10 state: ALL
stackbarchart state: ALL
donutchart state: ALL
C:\Users\Mirge\Documents\_CORMAC\Assignments\repositories\fresh - Copy\dashboard\views.py changed, reloading.
Watching for file changes with StatReloader
C:\Users\Mirge\Documents\_CORMAC\Assignments\repositories\fresh - Copy\dashboard\urls.py changed, reloading.
Watching for file changes with StatReloader
Watching for file changes with StatReloader
GET Home
Selected State: ALL
create top10 state: ALL
timeline_chart state: ALL
bubblechart state: ALL
stackbarchart state: ALL
stackbarchart state: ALL
simplechart state: ALL
donutchart state: ALL
Not Found: /favicon.ico
GET Home
Selected State: ALL
timeline_chart state: ALL
bubblechart state: ALL
simplechart state: ALL
stackbarchart state: ALL
create top10 state: ALL
stackbarchart state: ALL
donutchart state: ALL
Not Found: /favicon.ico
GET Home
Selected State: ALL
stackbarchart state: ALL
bubblechart state: ALL
create top10 state: ALL
simplechart state: ALL
timeline_chart state: ALL
stackbarchart state: ALL
donutchart state: ALL
Not Found: /favicon.ico
GET Home
Selected State: ALL
bubblechart state: ALL
simplechart state: ALL
stackbarchart state: ALL
timeline_chart state: ALL
create top10 state: ALL
stackbarchart state: ALL
Not Found: /favicon.ico
donutchart state: ALL
GET Home
Selected State: ALL
timeline_chart state: ALL
bubblechart state: ALL
simplechart state: ALL
stackbarchart state: ALL
create top10 state: ALL
stackbarchart state: ALL
donutchart state: ALL
Not Found: /favicon.ico
GET Home
Selected State: ALL
bubblechart state: ALL
create top10 state: ALL
stackbarchart state: ALL
simplechart state: ALL
timeline_chart state: ALL
stackbarchart state: ALL
donutchart state: ALL
Not Found: /favicon.ico
GET Home
Selected State: ALL
stackbarchart state: ALL
simplechart state: ALL
timeline_chart state: ALL
create top10 state: ALL
bubblechart state: ALL
stackbarchart state: ALL
Not Found: /favicon.ico
donutchart state: ALL
GET Home
Selected State: ALL
create top10 state: ALL
stackbarchart state: ALL
timeline_chart state: ALL
bubblechart state: ALL
simplechart state: ALL
stackbarchart state: ALL
donutchart state: ALL
Not Found: /favicon.ico
GET Home
Selected State: ALL
stackbarchart state: ALL
create top10 state: ALL
simplechart state: ALL
timeline_chart state: ALL
stackbarchart state: ALL
bubblechart state: ALL
Not Found: /favicon.ico
donutchart state: ALL
GET Home
Selected State: 4
stackbarchart state: 4
create top10 state: 4
bubblechart state: 4
timeline_chart state: 4
simplechart state: 4
stackbarchart state: 4
donutchart state: 4
GET Home
Selected State: 4
simplechart state: 4
create top10 state: 4
timeline_chart state: 4
bubblechart state: 4
stackbarchart state: 4
stackbarchart state: 4
donutchart state: 4
Not Found: /favicon.ico
GET Home
Selected State: 4
create top10 state: 4
timeline_chart state: 4
bubblechart state: 4
simplechart state: 4
stackbarchart state: 4
stackbarchart state: 4
donutchart state: 4
Not Found: /favicon.ico
GET Home
Selected State: 4
create top10 state: 4
simplechart state: 4
stackbarchart state: 4
bubblechart state: 4
timeline_chart state: 4
stackbarchart state: 4
donutchart state: 4
Not Found: /favicon.ico
GET Home
Selected State: 4
create top10 state: 4
bubblechart state: 4
timeline_chart state: 4
simplechart state: 4
stackbarchart state: 4
stackbarchart state: 4
Not Found: /favicon.ico
donutchart state: 4
GET Home
Selected State: 4
timeline_chart state: 4
simplechart state: 4
stackbarchart state: 4
create top10 state: 4
stackbarchart state: 4
bubblechart state: 4
donutchart state: 4
Not Found: /favicon.ico
GET Home
Selected State: 4
bubblechart state: 4
create top10 state: 4
stackbarchart state: 4
timeline_chart state: 4
simplechart state: 4
stackbarchart state: 4
donutchart state: 4
Not Found: /favicon.ico
GET Home
Selected State: 4
stackbarchart state: 4
create top10 state: 4
bubblechart state: 4
simplechart state: 4
timeline_chart state: 4
stackbarchart state: 4
donutchart state: 4
Not Found: /favicon.ico
GET Home
Selected State: 4
stackbarchart state: 4
simplechart state: 4
create top10 state: 4
timeline_chart state: 4
bubblechart state: 4
stackbarchart state: 4
donutchart state: 4
Not Found: /favicon.ico
GET Home
Selected State: 4
bubblechart state: 4
simplechart state: 4
timeline_chart state: 4
stackbarchart state: 4
create top10 state: 4
stackbarchart state: 4
donutchart state: 4
Not Found: /favicon.ico
GET Home
Selected State: 4
simplechart state: 4
create top10 state: 4
timeline_chart state: 4
stackbarchart state: 4
stackbarchart state: 4
bubblechart state: 4
donutchart state: 4
Not Found: /favicon.ico
GET Home
Selected State: 4
simplechart state: 4
stackbarchart state: 4
timeline_chart state: 4
create top10 state: 4
bubblechart state: 4
stackbarchart state: 4
donutchart state: 4
Not Found: /favicon.ico
GET Home
Selected State: 4
simplechart state: 4
timeline_chart state: 4
bubblechart state: 4
stackbarchart state: 4
create top10 state: 4
stackbarchart state: 4
donutchart state: 4
Not Found: /favicon.ico
GET Home
Selected State: 4
create top10 state: 4
simplechart state: 4
bubblechart state: 4
stackbarchart state: 4
timeline_chart state: 4
stackbarchart state: 4
donutchart state: 4
Not Found: /favicon.ico
GET Home
Selected State: 4
stackbarchart state: 4
simplechart state: 4
create top10 state: 4
timeline_chart state: 4
bubblechart state: 4
stackbarchart state: 4
donutchart state: 4
Not Found: /favicon.ico
GET Home
Selected State: 4
simplechart state: 4
stackbarchart state: 4
bubblechart state: 4
create top10 state: 4
timeline_chart state: 4
stackbarchart state: 4
donutchart state: 4
Not Found: /favicon.ico
GET Home
Selected State: 4
simplechart state: 4
bubblechart state: 4
timeline_chart state: 4
stackbarchart state: 4
create top10 state: 4
stackbarchart state: 4
donutchart state: 4
Not Found: /favicon.ico
GET Home
Selected State: 4
timeline_chart state: 4
bubblechart state: 4
simplechart state: 4
create top10 state: 4
stackbarchart state: 4
stackbarchart state: 4
donutchart state: 4
Not Found: /favicon.ico
GET Home
Selected State: 4
simplechart state: 4
stackbarchart state: 4
create top10 state: 4
bubblechart state: 4
timeline_chart state: 4
stackbarchart state: 4
donutchart state: 4
Not Found: /favicon.ico
GET Home
Selected State: 4
timeline_chart state: 4
simplechart state: 4
create top10 state: 4
stackbarchart state: 4
bubblechart state: 4
stackbarchart state: 4
donutchart state: 4
Not Found: /favicon.ico
GET Home
Selected State: 4
create top10 state: 4
timeline_chart state: 4
simplechart state: 4
bubblechart state: 4
stackbarchart state: 4
stackbarchart state: 4
donutchart state: 4
Not Found: /favicon.ico
GET Home
Selected State: 4
bubblechart state: 4
simplechart state: 4
timeline_chart state: 4
create top10 state: 4
stackbarchart state: 4
stackbarchart state: 4
donutchart state: 4
Not Found: /favicon.ico
GET Home
Selected State: 4
bubblechart state: 4
timeline_chart state: 4
simplechart state: 4
create top10 state: 4
stackbarchart state: 4
stackbarchart state: 4
donutchart state: 4
Not Found: /favicon.ico
GET Home
Selected State: 4
timeline_chart state: 4
stackbarchart state: 4
create top10 state: 4
bubblechart state: 4
simplechart state: 4
stackbarchart state: 4
donutchart state: 4
Not Found: /favicon.ico
GET Home
Selected State: 4
simplechart state: 4
stackbarchart state: 4
bubblechart state: 4
timeline_chart state: 4
create top10 state: 4
stackbarchart state: 4
donutchart state: 4
Not Found: /favicon.ico
GET Home
Selected State: 4
simplechart state: 4
create top10 state: 4
stackbarchart state: 4
bubblechart state: 4
stackbarchart state: 4
timeline_chart state: 4
donutchart state: 4
Not Found: /favicon.ico
GET Home
Selected State: 4
timeline_chart state: 4
stackbarchart state: 4
bubblechart state: 4
create top10 state: 4
simplechart state: 4
stackbarchart state: 4
donutchart state: 4
Not Found: /favicon.ico
GET Home
Selected State: 4
simplechart state: 4
timeline_chart state: 4
stackbarchart state: 4
create top10 state: 4
bubblechart state: 4
stackbarchart state: 4
donutchart state: 4
Not Found: /favicon.ico
GET Home
Selected State: 4
simplechart state: 4
create top10 state: 4
stackbarchart state: 4
timeline_chart state: 4
bubblechart state: 4
stackbarchart state: 4
donutchart state: 4
Not Found: /favicon.ico
GET Home
Selected State: 1
simplechart state: 1
create top10 state: 1
bubblechart state: 1
timeline_chart state: 1
stackbarchart state: 1
stackbarchart state: 1
donutchart state: 1
GET Home
Selected State: 1
simplechart state: 1
stackbarchart state: 1
create top10 state: 1
timeline_chart state: 1
bubblechart state: 1
stackbarchart state: 1
donutchart state: 1
Not Found: /favicon.ico
GET Home
Selected State: 1
bubblechart state: 1
stackbarchart state: 1
create top10 state: 1
simplechart state: 1
timeline_chart state: 1
stackbarchart state: 1
donutchart state: 1
Not Found: /favicon.ico
GET Home
Selected State: ALL
bubblechart state: ALL
create top10 state: ALL
stackbarchart state: ALL
timeline_chart state: ALL
simplechart state: ALL
stackbarchart state: ALL
donutchart state: ALL
stackbarchart state: ALL
GET Home
Selected State: 1
timeline_chart state: 1
stackbarchart state: 1
create top10 state: 1
simplechart state: 1
bubblechart state: 1
donutchart state: 1
Not Found: /favicon.ico
GET Home
Selected State: 1
bubblechart state: 1
create top10 state: 1
simplechart state: 1
timeline_chart state: 1
stackbarchart state: 1
stackbarchart state: 1
donutchart state: 1
Not Found: /favicon.ico
GET Home
Selected State: 1
bubblechart state: 1
simplechart state: 1
timeline_chart state: 1
create top10 state: 1
stackbarchart state: 1
stackbarchart state: 1
donutchart state: 1
Not Found: /favicon.ico
GET Home
Selected State: 1
timeline_chart state: 1
bubblechart state: 1
simplechart state: 1
stackbarchart state: 1
create top10 state: 1
stackbarchart state: 1
donutchart state: 1
Not Found: /favicon.ico
GET Home
Selected State: 1
simplechart state: 1
stackbarchart state: 1
create top10 state: 1
timeline_chart state: 1
bubblechart state: 1
stackbarchart state: 1
donutchart state: 1
Not Found: /favicon.ico
GET Home
Selected State: 1
create top10 state: 1
timeline_chart state: 1
bubblechart state: 1
stackbarchart state: 1
simplechart state: 1
stackbarchart state: 1
donutchart state: 1
Not Found: /favicon.ico
GET Home
Selected State: 1
timeline_chart state: 1
create top10 state: 1
simplechart state: 1
stackbarchart state: 1
bubblechart state: 1
stackbarchart state: 1
donutchart state: 1
Not Found: /favicon.ico
GET Home
Selected State: 1
create top10 state: 1
timeline_chart state: 1
bubblechart state: 1
stackbarchart state: 1
stackbarchart state: 1
simplechart state: 1
donutchart state: 1
Not Found: /favicon.ico
GET Home
Selected State: ALL
simplechart state: ALL
create top10 state: ALL
bubblechart state: ALL
stackbarchart state: ALL
timeline_chart state: ALL
stackbarchart state: ALL
donutchart state: ALL
GET Home
Selected State: ALL
bubblechart state: ALL
stackbarchart state: ALL
create top10 state: ALL
timeline_chart state: ALL
stackbarchart state: ALL
simplechart state: ALL
donutchart state: ALL
Not Found: /favicon.ico
GET Home
Selected State: ALL
create top10 state: ALL
bubblechart state: ALL
simplechart state: ALL
stackbarchart state: ALL
timeline_chart state: ALL
stackbarchart state: ALL
donutchart state: ALL
Not Found: /favicon.ico
GET Home
Selected State: ALL
stackbarchart state: ALL
timeline_chart state: ALL
simplechart state: ALL
create top10 state: ALL
bubblechart state: ALL
stackbarchart state: ALL
donutchart state: ALL
Not Found: /favicon.ico
GET Home
Selected State: ALL
timeline_chart state: ALL
create top10 state: ALL
bubblechart state: ALL
stackbarchart state: ALL
simplechart state: ALL
stackbarchart state: ALL
donutchart state: ALL
Not Found: /favicon.ico
GET Home
Selected State: ALL
stackbarchart state: ALL
timeline_chart state: ALL
bubblechart state: ALL
simplechart state: ALL
create top10 state: ALL
stackbarchart state: ALL
donutchart state: ALL
Not Found: /favicon.ico
GET Home
Selected State: ALL
bubblechart state: ALL
stackbarchart state: ALL
timeline_chart state: ALL
create top10 state: ALL
simplechart state: ALL
stackbarchart state: ALL
donutchart state: ALL
Not Found: /favicon.ico
GET Home
Selected State: ALL
create top10 state: ALL
simplechart state: ALL
timeline_chart state: ALL
bubblechart state: ALL
stackbarchart state: ALL
stackbarchart state: ALL
donutchart state: ALL
Not Found: /favicon.ico
GET Home
Selected State: ALL
timeline_chart state: ALL
simplechart state: ALL
stackbarchart state: ALL
bubblechart state: ALL
create top10 state: ALL
stackbarchart state: ALL
donutchart state: ALL
Not Found: /favicon.ico
GET Home
Selected State: ALL
stackbarchart state: ALL
bubblechart state: ALL
timeline_chart state: ALL
simplechart state: ALL
create top10 state: ALL
Not Found: /favicon.ico
stackbarchart state: ALL
donutchart state: ALL
GET Home
Selected State: ALL
bubblechart state: ALL
create top10 state: ALL
stackbarchart state: ALL
simplechart state: ALL
timeline_chart state: ALL
stackbarchart state: ALL
donutchart state: ALL
Not Found: /favicon.ico
GET Home
Selected State: ALL
create top10 state: ALL
stackbarchart state: ALL
timeline_chart state: ALL
bubblechart state: ALL
simplechart state: ALL
stackbarchart state: ALL
donutchart state: ALL
Not Found: /favicon.ico
GET Home
Selected State: ALL
create top10 state: ALL
bubblechart state: ALL
simplechart state: ALL
stackbarchart state: ALL
stackbarchart state: ALL
timeline_chart state: ALL
Not Found: /favicon.ico
donutchart state: ALL
GET Home
Selected State: ALL
stackbarchart state: ALL
simplechart state: ALL
timeline_chart state: ALL
create top10 state: ALL
bubblechart state: ALL
stackbarchart state: ALL
donutchart state: ALL
Not Found: /favicon.ico
GET Home
Selected State: ALL
create top10 state: ALL
stackbarchart state: ALL
timeline_chart state: ALL
simplechart state: ALL
bubblechart state: ALL
Not Found: /favicon.ico
stackbarchart state: ALL
donutchart state: ALL
GET Home
Selected State: ALL
create top10 state: ALL
timeline_chart state: ALL
bubblechart state: ALL
simplechart state: ALL
stackbarchart state: ALL
donutchart state: ALL
Not Found: /favicon.ico
GET Home
Selected State: ALL
simplechart state: ALL
timeline_chart state: ALL
create top10 state: ALL
bubblechart state: ALL
stackbarchart state: ALL
stackbarchart state: ALL
Not Found: /favicon.ico
donutchart state: ALL
GET Home
Selected State: ALL
create top10 state: ALL
simplechart state: ALL
bubblechart state: ALL
stackbarchart state: ALL
timeline_chart state: ALL
donutchart state: ALL
Not Found: /favicon.ico
GET Home
Selected State: ALL
bubblechart state: ALL
simplechart state: ALL
stackbarchart state: ALL
create top10 state: ALL
timeline_chart state: ALL
stackbarchart state: ALL
donutchart state: ALL
Not Found: /favicon.ico
timeline_chart state: ALL
GET Home
Selected State: ALL
timeline_chart state: ALL
bubblechart state: ALL
simplechart state: ALL
stackbarchart state: ALL
create top10 state: ALL
stackbarchart state: ALL
donutchart state: ALL
Not Found: /favicon.ico
GET Home
Selected State: ALL
timeline_chart state: ALL
create top10 state: ALL
simplechart state: ALL
stackbarchart state: ALL
bubblechart state: ALL
stackbarchart state: ALL
donutchart state: ALL
Not Found: /favicon.ico
GET Home
Selected State: ALL
stackbarchart state: ALL
simplechart state: ALL
create top10 state: ALL
bubblechart state: ALL
timeline_chart state: ALL
stackbarchart state: ALL
donutchart state: ALL
Not Found: /favicon.ico
GET Home
Selected State: ALL
stackbarchart state: ALL
bubblechart state: ALL
timeline_chart state: ALL
create top10 state: ALL
simplechart state: ALL
stackbarchart state: ALL
donutchart state: ALL
Not Found: /favicon.ico
GET Home
Selected State: 4
bubblechart state: 4
simplechart state: 4
create top10 state: 4
stackbarchart state: 4
timeline_chart state: 4
stackbarchart state: 4
donutchart state: 4
GET Home
Selected State: 4
create top10 state: 4
simplechart state: 4
timeline_chart state: 4
stackbarchart state: 4
bubblechart state: 4
stackbarchart state: 4
donutchart state: 4
Not Found: /favicon.ico
GET Home
Selected State: 4
simplechart state: 4
bubblechart state: 4
create top10 state: 4
timeline_chart state: 4
stackbarchart state: 4
stackbarchart state: 4
donutchart state: 4
Not Found: /favicon.ico
GET Home
Selected State: 4
bubblechart state: 4
simplechart state: 4
timeline_chart state: 4
create top10 state: 4
stackbarchart state: 4
stackbarchart state: 4
donutchart state: 4
Not Found: /favicon.ico
GET Home
Selected State: 4
simplechart state: 4
stackbarchart state: 4
create top10 state: 4
timeline_chart state: 4
bubblechart state: 4
stackbarchart state: 4
donutchart state: 4
Not Found: /favicon.ico
GET Home
Selected State: 4
create top10 state: 4
stackbarchart state: 4
bubblechart state: 4
timeline_chart state: 4
simplechart state: 4
stackbarchart state: 4
donutchart state: 4
Not Found: /favicon.ico
GET Home
Selected State: 4
simplechart state: 4
stackbarchart state: 4
timeline_chart state: 4
bubblechart state: 4
create top10 state: 4
stackbarchart state: 4
donutchart state: 4
Not Found: /favicon.ico
GET Home
Selected State: 4
bubblechart state: 4
timeline_chart state: 4
create top10 state: 4
stackbarchart state: 4
simplechart state: 4
stackbarchart state: 4
donutchart state: 4
Not Found: /favicon.ico
GET Home
Selected State: 4
simplechart state: 4
timeline_chart state: 4
stackbarchart state: 4
create top10 state: 4
bubblechart state: 4
stackbarchart state: 4
donutchart state: 4
Not Found: /favicon.ico
GET Home
Selected State: 4
simplechart state: 4
timeline_chart state: 4
bubblechart state: 4
stackbarchart state: 4
create top10 state: 4
stackbarchart state: 4
donutchart state: 4
Not Found: /favicon.ico
GET Home
Selected State: 4
simplechart state: 4
bubblechart state: 4
timeline_chart state: 4
stackbarchart state: 4
create top10 state: 4
stackbarchart state: 4
donutchart state: 4
Not Found: /favicon.ico
GET Home
Selected State: 4
create top10 state: 4
stackbarchart state: 4
bubblechart state: 4
simplechart state: 4
timeline_chart state: 4
stackbarchart state: 4
donutchart state: 4
Not Found: /favicon.ico
GET Home
Selected State: 4
stackbarchart state: 4
timeline_chart state: 4
create top10 state: 4
simplechart state: 4
bubblechart state: 4
stackbarchart state: 4
donutchart state: 4
Not Found: /favicon.ico
GET Home
Selected State: 4
create top10 state: 4
stackbarchart state: 4
bubblechart state: 4
timeline_chart state: 4
simplechart state: 4
stackbarchart state: 4
donutchart state: 4
Not Found: /favicon.ico
GET Home
Selected State: 4
bubblechart state: 4
simplechart state: 4
create top10 state: 4
stackbarchart state: 4
timeline_chart state: 4
stackbarchart state: 4
donutchart state: 4
Not Found: /favicon.ico
GET Home
Selected State: 4
create top10 state: 4
timeline_chart state: 4
simplechart state: 4
bubblechart state: 4
stackbarchart state: 4
stackbarchart state: 4
donutchart state: 4
Not Found: /favicon.ico
GET Home
Selected State: 4
create top10 state: 4
bubblechart state: 4
timeline_chart state: 4
simplechart state: 4
stackbarchart state: 4
stackbarchart state: 4
donutchart state: 4
Not Found: /favicon.ico
GET Home
Selected State: 4
timeline_chart state: 4
stackbarchart state: 4
simplechart state: 4
bubblechart state: 4
create top10 state: 4
stackbarchart state: 4
donutchart state: 4
Not Found: /favicon.ico
GET Home
Selected State: 4
bubblechart state: 4
create top10 state: 4
stackbarchart state: 4
timeline_chart state: 4
simplechart state: 4
stackbarchart state: 4
donutchart state: 4
Not Found: /favicon.ico
GET Home
Selected State: 4
simplechart state: 4
bubblechart state: 4
stackbarchart state: 4
timeline_chart state: 4
create top10 state: 4
stackbarchart state: 4
donutchart state: 4
Not Found: /favicon.ico
GET Home
Selected State: 4
stackbarchart state: 4
timeline_chart state: 4
create top10 state: 4
bubblechart state: 4
simplechart state: 4
stackbarchart state: 4
donutchart state: 4
Not Found: /favicon.ico
GET Home
Selected State: 4
bubblechart state: 4
create top10 state: 4
timeline_chart state: 4
stackbarchart state: 4
stackbarchart state: 4
simplechart state: 4
donutchart state: 4
Not Found: /favicon.ico
GET Home
Selected State: 4
simplechart state: 4
timeline_chart state: 4
stackbarchart state: 4
create top10 state: 4
bubblechart state: 4
stackbarchart state: 4
donutchart state: 4
Not Found: /favicon.ico
GET Home
Selected State: 4
stackbarchart state: 4
create top10 state: 4
simplechart state: 4
bubblechart state: 4
stackbarchart state: 4
timeline_chart state: 4
donutchart state: 4
Not Found: /favicon.ico
GET Home
Selected State: 4
bubblechart state: 4
simplechart state: 4
create top10 state: 4
timeline_chart state: 4
stackbarchart state: 4
stackbarchart state: 4
donutchart state: 4
Not Found: /favicon.ico
GET Home
Selected State: 4
simplechart state: 4
bubblechart state: 4
stackbarchart state: 4
create top10 state: 4
timeline_chart state: 4
stackbarchart state: 4
donutchart state: 4
Not Found: /favicon.ico
GET Home
Selected State: 4
bubblechart state: 4
timeline_chart state: 4
simplechart state: 4
create top10 state: 4
stackbarchart state: 4
stackbarchart state: 4
donutchart state: 4
Not Found: /favicon.ico
GET Home
Selected State: 4
simplechart state: 4
create top10 state: 4
timeline_chart state: 4
stackbarchart state: 4
bubblechart state: 4
stackbarchart state: 4
donutchart state: 4
Not Found: /favicon.ico
GET Home
Selected State: 4
stackbarchart state: 4
create top10 state: 4
simplechart state: 4
timeline_chart state: 4
bubblechart state: 4
stackbarchart state: 4
donutchart state: 4
Not Found: /favicon.ico
GET Home
Selected State: 4
stackbarchart state: 4
bubblechart state: 4
timeline_chart state: 4
create top10 state: 4
simplechart state: 4
stackbarchart state: 4
donutchart state: 4
Not Found: /favicon.ico
GET Home
Selected State: 4
timeline_chart state: 4
simplechart state: 4
bubblechart state: 4
create top10 state: 4
stackbarchart state: 4
stackbarchart state: 4
donutchart state: 4
Not Found: /favicon.ico
GET Home
Selected State: ALL
bubblechart state: ALL
simplechart state: ALL
create top10 state: ALL
timeline_chart state: ALL
stackbarchart state: ALL
stackbarchart state: ALL
donutchart state: ALL
